<?xml version="1.0" encoding="UTF-8"?>
<!-- Generated by org.testng.reporters.JUnitXMLReporter -->
<testsuite ignored="0" hostname="LAPTOP-2QC3IUED" failures="1" tests="4" name="Test" time="6.746" errors="0" timestamp="2024-03-25T13:11:59 IST">
  <testcase classname="testcases.VideoGame" name="getAllVideoGames" time="3.927"/>
  <testcase classname="testcases.VideoGame" name="addNewVideoGame" time="0.985">
    <failure type="junit.framework.AssertionFailedError" message="expected:&amp;lt;false&amp;gt; but was:&amp;lt;true&amp;gt;">
      <![CDATA[junit.framework.AssertionFailedError: expected:<false> but was:<true>
at junit.framework.Assert.fail(Assert.java:57)
at junit.framework.Assert.failNotEquals(Assert.java:329)
at junit.framework.Assert.assertEquals(Assert.java:78)
at junit.framework.Assert.assertEquals(Assert.java:174)
at junit.framework.Assert.assertEquals(Assert.java:181)
at testcases.VideoGame.addNewVideoGame(VideoGame.java:54)
at java.base/java.util.ArrayList.forEach(ArrayList.java:1511)
... Removed 27 stack frames]]>
    </failure>
  </testcase> <!-- addNewVideoGame -->
  <testcase classname="testcases.VideoGame" name="getvideogame" time="1.46"/>
  <testcase classname="testcases.VideoGame" name="putrequest" time="0.189"/>
</testsuite> <!-- Test -->
